0 info it worked if it ends with ok
1 verbose cli [ '/home/Andrew/.nvm/versions/node/v6.9.1/bin/node',
1 verbose cli   '/home/Andrew/.nvm/versions/node/v6.9.1/bin/npm',
1 verbose cli   'start' ]
2 info using npm@3.10.8
3 info using node@v6.9.1
4 verbose run-script [ 'prestart', 'start', 'poststart' ]
5 info lifecycle mtg-card-fetcher-webhook@1.0.0~prestart: mtg-card-fetcher-webhook@1.0.0
6 silly lifecycle mtg-card-fetcher-webhook@1.0.0~prestart: no script for prestart, continuing
7 info lifecycle mtg-card-fetcher-webhook@1.0.0~start: mtg-card-fetcher-webhook@1.0.0
8 verbose lifecycle mtg-card-fetcher-webhook@1.0.0~start: unsafe-perm in lifecycle true
9 verbose lifecycle mtg-card-fetcher-webhook@1.0.0~start: PATH: /home/Andrew/.nvm/versions/node/v6.9.1/lib/node_modules/npm/bin/node-gyp-bin:/mnt/d/Users/Andrew/My Projects/mtg-card-fetcher-webhook/node_modules/.bin:/home/Andrew/.nvm/versions/node/v6.9.1/bin:/usr/local/sbin:/usr/local/bin:/usr/sbin:/usr/bin:/sbin:/bin:/usr/games:/usr/local/games:/mnt/d/Program Files/ImageMagick-7.0.5-Q16:/mnt/c/ProgramData/Oracle/Java/javapath_target_419343:/mnt/c/Windows/System32:/mnt/c/Windows:/mnt/c/Windows/System32/wbem:/mnt/c/Windows/System32/WindowsPowerShell/v1.0:/mnt/c/Windows/System32:/mnt/c/Windows:/mnt/c/Windows/System32/wbem:/mnt/c/Windows/System32/WindowsPowerShell/v1.0:/mnt/c/Program Files (x86)/PharosSystems/Core:/mnt/c/Program Files/Microsoft DNX/Dnvm:/mnt/c/Program Files/Microsoft SQL Server/110/Tools/Binn:/mnt/c/Program Files (x86)/NVIDIA Corporation/PhysX/Common:/mnt/c/Program Files (x86)/Windows Live/Shared:/mnt/c/Windows/System32:/mnt/c/Windows:/mnt/c/Windows/System32/wbem:/mnt/c/Windows/System32/WindowsPowerShell/v1.0:/mnt/d/Program Files/Git/cmd:/mnt/d/Program Files/nodejs:/mnt/d/Program Files/nodejs:/mnt/c/Program Files (x86)/Skype/Phone:/mnt/c/Program Files (x86)/GtkSharp/2.12/bin:/mnt/c/Program Files/MiKTeX 2.9/miktex/bin/x64:/mnt/c/Program Files/dotnet:/mnt/c/Windows/System32/OpenSSH:/mnt/c/Users/Andrew/AppData/Local/Microsoft/WindowsApps:/mnt/d/Program Files/nodejs:/mnt/c/Users/Andrew/AppData/Roaming/npm:/mnt/d/Program Files/Microsoft VS Code/bin
10 verbose lifecycle mtg-card-fetcher-webhook@1.0.0~start: CWD: /mnt/d/Users/Andrew/My Projects/mtg-card-fetcher-webhook
11 silly lifecycle mtg-card-fetcher-webhook@1.0.0~start: Args: [ '-c', 'index.js' ]
12 info lifecycle mtg-card-fetcher-webhook@1.0.0~start: Failed to exec start script
13 verbose stack Error: mtg-card-fetcher-webhook@1.0.0 start: `index.js`
13 verbose stack spawn ENOENT
13 verbose stack     at ChildProcess.<anonymous> (/home/Andrew/.nvm/versions/node/v6.9.1/lib/node_modules/npm/lib/utils/spawn.js:33:16)
13 verbose stack     at emitTwo (events.js:106:13)
13 verbose stack     at ChildProcess.emit (events.js:191:7)
13 verbose stack     at maybeClose (internal/child_process.js:877:16)
13 verbose stack     at Process.ChildProcess._handle.onexit (internal/child_process.js:226:5)
14 verbose pkgid mtg-card-fetcher-webhook@1.0.0
15 verbose cwd /mnt/d/Users/Andrew/My Projects/mtg-card-fetcher-webhook
16 error Linux 4.4.0-17134-Microsoft
17 error argv "/home/Andrew/.nvm/versions/node/v6.9.1/bin/node" "/home/Andrew/.nvm/versions/node/v6.9.1/bin/npm" "start"
18 error node v6.9.1
19 error npm  v3.10.8
20 error file sh
21 error code ELIFECYCLE
22 error errno ENOENT
23 error syscall spawn
24 error mtg-card-fetcher-webhook@1.0.0 start: `index.js`
24 error spawn ENOENT
25 error Failed at the mtg-card-fetcher-webhook@1.0.0 start script 'index.js'.
25 error Make sure you have the latest version of node.js and npm installed.
25 error If you do, this is most likely a problem with the mtg-card-fetcher-webhook package,
25 error not with npm itself.
25 error Tell the author that this fails on your system:
25 error     index.js
25 error You can get information on how to open an issue for this project with:
25 error     npm bugs mtg-card-fetcher-webhook
25 error Or if that isn't available, you can get their info via:
25 error     npm owner ls mtg-card-fetcher-webhook
25 error There is likely additional logging output above.
26 verbose exit [ 1, true ]
